[0.367s] DEBUG:colcon:Command line arguments: ['/usr/bin/colcon', 'build', '--packages-select', 'my_cpp_pkg']
[0.367s] DEBUG:colcon:Parsed command line arguments: Namespace(log_base=None, log_level=None, verb_name='build', build_base='build', install_base='install', merge_install=False, symlink_install=False, test_result_base=None, continue_on_error=False, executor='parallel', parallel_workers=16, event_handlers=None, ignore_user_meta=False, metas=['./colcon.meta'], base_paths=['.'], packages_ignore=None, packages_ignore_regex=None, paths=None, packages_up_to=None, packages_up_to_regex=None, packages_above=None, packages_above_and_dependencies=None, packages_above_depth=None, packages_select_by_dep=None, packages_skip_by_dep=None, packages_skip_up_to=None, packages_select_build_failed=False, packages_skip_build_finished=False, packages_select_test_failures=False, packages_skip_test_passed=False, packages_select=['my_cpp_pkg'], packages_skip=None, packages_select_regex=None, packages_skip_regex=None, packages_start=None, packages_end=None, allow_overriding=[], cmake_args=None, cmake_target=None, cmake_target_skip_unavailable=False, cmake_clean_cache=False, cmake_clean_first=False, cmake_force_configure=False, ament_cmake_args=None, catkin_cmake_args=None, catkin_skip_building_tests=False, mixin_files=None, mixin=None, verb_parser=<colcon_mixin.mixin.mixin_argument.MixinArgumentDecorator object at 0x7fbbfaed9850>, verb_extension=<colcon_core.verb.build.BuildVerb object at 0x7fbbfb0045f0>, main=<bound method BuildVerb.main of <colcon_core.verb.build.BuildVerb object at 0x7fbbfb0045f0>>, mixin_verb=('build',))
[0.461s] Level 1:colcon.colcon_core.package_discovery:discover_packages(colcon_meta) check parameters
[0.461s] Level 1:colcon.colcon_core.package_discovery:discover_packages(recursive) check parameters
[0.461s] Level 1:colcon.colcon_core.package_discovery:discover_packages(ignore) check parameters
[0.461s] Level 1:colcon.colcon_core.package_discovery:discover_packages(path) check parameters
[0.461s] Level 1:colcon.colcon_core.package_discovery:discover_packages(colcon_meta) discover
[0.461s] Level 1:colcon.colcon_core.package_discovery:discover_packages(recursive) discover
[0.461s] INFO:colcon.colcon_core.package_discovery:Crawling recursively for packages in '/home/jegoh/ros2_ws/src/my_cpp_pkg'
[0.461s] Level 1:colcon.colcon_core.package_identification:_identify(.) by extensions ['ignore', 'ignore_ament_install']
[0.462s] Level 1:colcon.colcon_core.package_identification:_identify(.) by extension 'ignore'
[0.462s] Level 1:colcon.colcon_core.package_identification:_identify(.) by extension 'ignore_ament_install'
[0.462s] Level 1:colcon.colcon_core.package_identification:_identify(.) by extensions ['colcon_pkg']
[0.462s] Level 1:colcon.colcon_core.package_identification:_identify(.) by extension 'colcon_pkg'
[0.462s] Level 1:colcon.colcon_core.package_identification:_identify(.) by extensions ['colcon_meta']
[0.462s] Level 1:colcon.colcon_core.package_identification:_identify(.) by extension 'colcon_meta'
[0.462s] Level 1:colcon.colcon_core.package_identification:_identify(.) by extensions ['ros']
[0.462s] Level 1:colcon.colcon_core.package_identification:_identify(.) by extension 'ros'
[0.510s] DEBUG:colcon.colcon_core.package_identification:Package '.' with type 'ros.ament_cmake' and name 'my_cpp_pkg'
[0.510s] Level 1:colcon.colcon_core.package_discovery:discover_packages(recursive) using defaults
[0.510s] Level 1:colcon.colcon_core.package_discovery:discover_packages(ignore) discover
[0.510s] Level 1:colcon.colcon_core.package_discovery:discover_packages(ignore) using defaults
[0.510s] Level 1:colcon.colcon_core.package_discovery:discover_packages(path) discover
[0.510s] Level 1:colcon.colcon_core.package_discovery:discover_packages(path) using defaults
[0.548s] Level 1:colcon.colcon_core.package_discovery:discover_packages(prefix_path) check parameters
[0.548s] Level 1:colcon.colcon_core.package_discovery:discover_packages(prefix_path) discover
[0.555s] DEBUG:colcon.colcon_installed_package_information.package_discovery:Found 3 installed packages in /home/jegoh/ros2_ws/install
[0.557s] DEBUG:colcon.colcon_installed_package_information.package_discovery:Found 285 installed packages in /opt/ros/jazzy
[0.558s] Level 1:colcon.colcon_core.package_discovery:discover_packages(prefix_path) using defaults
[0.603s] Level 5:colcon.colcon_core.verb:set package 'my_cpp_pkg' build argument 'cmake_args' from command line to 'None'
[0.603s] Level 5:colcon.colcon_core.verb:set package 'my_cpp_pkg' build argument 'cmake_target' from command line to 'None'
[0.603s] Level 5:colcon.colcon_core.verb:set package 'my_cpp_pkg' build argument 'cmake_target_skip_unavailable' from command line to 'False'
[0.603s] Level 5:colcon.colcon_core.verb:set package 'my_cpp_pkg' build argument 'cmake_clean_cache' from command line to 'False'
[0.603s] Level 5:colcon.colcon_core.verb:set package 'my_cpp_pkg' build argument 'cmake_clean_first' from command line to 'False'
[0.603s] Level 5:colcon.colcon_core.verb:set package 'my_cpp_pkg' build argument 'cmake_force_configure' from command line to 'False'
[0.603s] Level 5:colcon.colcon_core.verb:set package 'my_cpp_pkg' build argument 'ament_cmake_args' from command line to 'None'
[0.603s] Level 5:colcon.colcon_core.verb:set package 'my_cpp_pkg' build argument 'catkin_cmake_args' from command line to 'None'
[0.603s] Level 5:colcon.colcon_core.verb:set package 'my_cpp_pkg' build argument 'catkin_skip_building_tests' from command line to 'False'
[0.603s] DEBUG:colcon.colcon_core.verb:Building package 'my_cpp_pkg' with the following arguments: {'ament_cmake_args': None, 'build_base': '/home/jegoh/ros2_ws/src/my_cpp_pkg/build/my_cpp_pkg', 'catkin_cmake_args': None, 'catkin_skip_building_tests': False, 'cmake_args': None, 'cmake_clean_cache': False, 'cmake_clean_first': False, 'cmake_force_configure': False, 'cmake_target': None, 'cmake_target_skip_unavailable': False, 'install_base': '/home/jegoh/ros2_ws/src/my_cpp_pkg/install/my_cpp_pkg', 'merge_install': False, 'path': '/home/jegoh/ros2_ws/src/my_cpp_pkg', 'symlink_install': False, 'test_result_base': None}
[0.604s] INFO:colcon.colcon_core.executor:Executing jobs using 'parallel' executor
[0.607s] DEBUG:colcon.colcon_parallel_executor.executor.parallel:run_until_complete
[0.607s] INFO:colcon.colcon_ros.task.ament_cmake.build:Building ROS package in '/home/jegoh/ros2_ws/src/my_cpp_pkg' with build type 'ament_cmake'
[0.608s] INFO:colcon.colcon_cmake.task.cmake.build:Building CMake package in '/home/jegoh/ros2_ws/src/my_cpp_pkg'
[0.616s] INFO:colcon.colcon_core.plugin_system:Skipping extension 'colcon_core.shell.bat': Not used on non-Windows systems
[0.616s] INFO:colcon.colcon_core.shell:Skip shell extension 'powershell' for command environment: Not usable outside of PowerShell
[0.616s] DEBUG:colcon.colcon_core.shell:Skip shell extension 'dsv' for command environment
[0.632s] DEBUG:colcon.colcon_core.event_handler.log_command:Invoking command in '/home/jegoh/ros2_ws/src/my_cpp_pkg/build/my_cpp_pkg': CMAKE_PREFIX_PATH=${CMAKE_PREFIX_PATH}:/home/jegoh/ros2_ws/install/my_py_pkg:/opt/ros/jazzy /usr/bin/cmake --build /home/jegoh/ros2_ws/src/my_cpp_pkg/build/my_cpp_pkg -- -j16 -l16
[5.154s] DEBUG:colcon.colcon_core.event_handler.log_command:Invoked command in '/home/jegoh/ros2_ws/src/my_cpp_pkg/build/my_cpp_pkg' returned '0': CMAKE_PREFIX_PATH=${CMAKE_PREFIX_PATH}:/home/jegoh/ros2_ws/install/my_py_pkg:/opt/ros/jazzy /usr/bin/cmake --build /home/jegoh/ros2_ws/src/my_cpp_pkg/build/my_cpp_pkg -- -j16 -l16
[5.206s] DEBUG:colcon.colcon_core.event_handler.log_command:Invoking command in '/home/jegoh/ros2_ws/src/my_cpp_pkg/build/my_cpp_pkg': CMAKE_PREFIX_PATH=${CMAKE_PREFIX_PATH}:/home/jegoh/ros2_ws/install/my_py_pkg:/opt/ros/jazzy /usr/bin/cmake --install /home/jegoh/ros2_ws/src/my_cpp_pkg/build/my_cpp_pkg
[5.223s] Level 1:colcon.colcon_core.environment:create_environment_scripts_only(my_cpp_pkg)
[5.223s] DEBUG:colcon.colcon_core.event_handler.log_command:Invoked command in '/home/jegoh/ros2_ws/src/my_cpp_pkg/build/my_cpp_pkg' returned '0': CMAKE_PREFIX_PATH=${CMAKE_PREFIX_PATH}:/home/jegoh/ros2_ws/install/my_py_pkg:/opt/ros/jazzy /usr/bin/cmake --install /home/jegoh/ros2_ws/src/my_cpp_pkg/build/my_cpp_pkg
[5.233s] Level 1:colcon.colcon_core.environment:checking '/home/jegoh/ros2_ws/src/my_cpp_pkg/install/my_cpp_pkg' for CMake module files
[5.234s] Level 1:colcon.colcon_core.environment:checking '/home/jegoh/ros2_ws/src/my_cpp_pkg/install/my_cpp_pkg' for CMake config files
[5.237s] Level 1:colcon.colcon_core.shell:create_environment_hook('my_cpp_pkg', 'cmake_prefix_path')
[5.237s] INFO:colcon.colcon_core.shell:Creating environment hook '/home/jegoh/ros2_ws/src/my_cpp_pkg/install/my_cpp_pkg/share/my_cpp_pkg/hook/cmake_prefix_path.ps1'
[5.238s] INFO:colcon.colcon_core.shell:Creating environment descriptor '/home/jegoh/ros2_ws/src/my_cpp_pkg/install/my_cpp_pkg/share/my_cpp_pkg/hook/cmake_prefix_path.dsv'
[5.239s] INFO:colcon.colcon_core.shell:Creating environment hook '/home/jegoh/ros2_ws/src/my_cpp_pkg/install/my_cpp_pkg/share/my_cpp_pkg/hook/cmake_prefix_path.sh'
[5.241s] Level 1:colcon.colcon_core.environment:checking '/home/jegoh/ros2_ws/src/my_cpp_pkg/install/my_cpp_pkg/lib'
[5.241s] Level 1:colcon.colcon_core.environment:checking '/home/jegoh/ros2_ws/src/my_cpp_pkg/install/my_cpp_pkg/bin'
[5.241s] Level 1:colcon.colcon_core.environment:checking '/home/jegoh/ros2_ws/src/my_cpp_pkg/install/my_cpp_pkg/lib/pkgconfig/my_cpp_pkg.pc'
[5.242s] Level 1:colcon.colcon_core.environment:checking '/home/jegoh/ros2_ws/src/my_cpp_pkg/install/my_cpp_pkg/lib/python3.12/site-packages'
[5.242s] Level 1:colcon.colcon_core.environment:checking '/home/jegoh/ros2_ws/src/my_cpp_pkg/install/my_cpp_pkg/bin'
[5.242s] INFO:colcon.colcon_core.shell:Creating package script '/home/jegoh/ros2_ws/src/my_cpp_pkg/install/my_cpp_pkg/share/my_cpp_pkg/package.ps1'
[5.243s] INFO:colcon.colcon_core.shell:Creating package descriptor '/home/jegoh/ros2_ws/src/my_cpp_pkg/install/my_cpp_pkg/share/my_cpp_pkg/package.dsv'
[5.244s] INFO:colcon.colcon_core.shell:Creating package script '/home/jegoh/ros2_ws/src/my_cpp_pkg/install/my_cpp_pkg/share/my_cpp_pkg/package.sh'
[5.245s] INFO:colcon.colcon_core.shell:Creating package script '/home/jegoh/ros2_ws/src/my_cpp_pkg/install/my_cpp_pkg/share/my_cpp_pkg/package.bash'
[5.246s] INFO:colcon.colcon_core.shell:Creating package script '/home/jegoh/ros2_ws/src/my_cpp_pkg/install/my_cpp_pkg/share/my_cpp_pkg/package.zsh'
[5.246s] Level 1:colcon.colcon_core.environment:create_file_with_runtime_dependencies(/home/jegoh/ros2_ws/src/my_cpp_pkg/install/my_cpp_pkg/share/colcon-core/packages/my_cpp_pkg)
[5.273s] Level 1:colcon.colcon_core.environment:create_environment_scripts_only(my_cpp_pkg)
[5.273s] Level 1:colcon.colcon_core.environment:checking '/home/jegoh/ros2_ws/src/my_cpp_pkg/install/my_cpp_pkg' for CMake module files
[5.274s] Level 1:colcon.colcon_core.environment:checking '/home/jegoh/ros2_ws/src/my_cpp_pkg/install/my_cpp_pkg' for CMake config files
[5.274s] Level 1:colcon.colcon_core.shell:create_environment_hook('my_cpp_pkg', 'cmake_prefix_path')
[5.274s] INFO:colcon.colcon_core.shell:Creating environment hook '/home/jegoh/ros2_ws/src/my_cpp_pkg/install/my_cpp_pkg/share/my_cpp_pkg/hook/cmake_prefix_path.ps1'
[5.275s] INFO:colcon.colcon_core.shell:Creating environment descriptor '/home/jegoh/ros2_ws/src/my_cpp_pkg/install/my_cpp_pkg/share/my_cpp_pkg/hook/cmake_prefix_path.dsv'
[5.275s] INFO:colcon.colcon_core.shell:Creating environment hook '/home/jegoh/ros2_ws/src/my_cpp_pkg/install/my_cpp_pkg/share/my_cpp_pkg/hook/cmake_prefix_path.sh'
[5.276s] Level 1:colcon.colcon_core.environment:checking '/home/jegoh/ros2_ws/src/my_cpp_pkg/install/my_cpp_pkg/lib'
[5.276s] Level 1:colcon.colcon_core.environment:checking '/home/jegoh/ros2_ws/src/my_cpp_pkg/install/my_cpp_pkg/bin'
[5.276s] Level 1:colcon.colcon_core.environment:checking '/home/jegoh/ros2_ws/src/my_cpp_pkg/install/my_cpp_pkg/lib/pkgconfig/my_cpp_pkg.pc'
[5.276s] Level 1:colcon.colcon_core.environment:checking '/home/jegoh/ros2_ws/src/my_cpp_pkg/install/my_cpp_pkg/lib/python3.12/site-packages'
[5.276s] Level 1:colcon.colcon_core.environment:checking '/home/jegoh/ros2_ws/src/my_cpp_pkg/install/my_cpp_pkg/bin'
[5.276s] INFO:colcon.colcon_core.shell:Creating package script '/home/jegoh/ros2_ws/src/my_cpp_pkg/install/my_cpp_pkg/share/my_cpp_pkg/package.ps1'
[5.277s] INFO:colcon.colcon_core.shell:Creating package descriptor '/home/jegoh/ros2_ws/src/my_cpp_pkg/install/my_cpp_pkg/share/my_cpp_pkg/package.dsv'
[5.277s] INFO:colcon.colcon_core.shell:Creating package script '/home/jegoh/ros2_ws/src/my_cpp_pkg/install/my_cpp_pkg/share/my_cpp_pkg/package.sh'
[5.277s] INFO:colcon.colcon_core.shell:Creating package script '/home/jegoh/ros2_ws/src/my_cpp_pkg/install/my_cpp_pkg/share/my_cpp_pkg/package.bash'
[5.278s] INFO:colcon.colcon_core.shell:Creating package script '/home/jegoh/ros2_ws/src/my_cpp_pkg/install/my_cpp_pkg/share/my_cpp_pkg/package.zsh'
[5.278s] Level 1:colcon.colcon_core.environment:create_file_with_runtime_dependencies(/home/jegoh/ros2_ws/src/my_cpp_pkg/install/my_cpp_pkg/share/colcon-core/packages/my_cpp_pkg)
[5.278s] DEBUG:colcon.colcon_parallel_executor.executor.parallel:closing loop
[5.279s] DEBUG:colcon.colcon_parallel_executor.executor.parallel:loop closed
[5.279s] DEBUG:colcon.colcon_parallel_executor.executor.parallel:run_until_complete finished with '0'
[5.279s] DEBUG:colcon.colcon_core.event_reactor:joining thread
[5.297s] INFO:colcon.colcon_core.plugin_system:Skipping extension 'colcon_notification.desktop_notification.terminal_notifier': Not used on non-Darwin systems
[5.297s] INFO:colcon.colcon_core.plugin_system:Skipping extension 'colcon_notification.desktop_notification.win32': Not used on non-Windows systems
[5.297s] INFO:colcon.colcon_notification.desktop_notification:Sending desktop notification using 'notify2'
[5.312s] DEBUG:colcon.colcon_notification.desktop_notification.notify2:Failed to initialize notify2: org.freedesktop.DBus.Error.ServiceUnknown: The name org.freedesktop.Notifications was not provided by any .service files
[5.313s] DEBUG:colcon.colcon_core.event_reactor:joined thread
[5.313s] INFO:colcon.colcon_core.shell:Creating prefix script '/home/jegoh/ros2_ws/src/my_cpp_pkg/install/local_setup.ps1'
[5.315s] INFO:colcon.colcon_core.shell:Creating prefix util module '/home/jegoh/ros2_ws/src/my_cpp_pkg/install/_local_setup_util_ps1.py'
[5.316s] INFO:colcon.colcon_core.shell:Creating prefix chain script '/home/jegoh/ros2_ws/src/my_cpp_pkg/install/setup.ps1'
[5.318s] INFO:colcon.colcon_core.shell:Creating prefix script '/home/jegoh/ros2_ws/src/my_cpp_pkg/install/local_setup.sh'
[5.318s] INFO:colcon.colcon_core.shell:Creating prefix util module '/home/jegoh/ros2_ws/src/my_cpp_pkg/install/_local_setup_util_sh.py'
[5.319s] INFO:colcon.colcon_core.shell:Creating prefix chain script '/home/jegoh/ros2_ws/src/my_cpp_pkg/install/setup.sh'
[5.320s] INFO:colcon.colcon_core.shell:Creating prefix script '/home/jegoh/ros2_ws/src/my_cpp_pkg/install/local_setup.bash'
[5.320s] INFO:colcon.colcon_core.shell:Creating prefix chain script '/home/jegoh/ros2_ws/src/my_cpp_pkg/install/setup.bash'
[5.322s] INFO:colcon.colcon_core.shell:Creating prefix script '/home/jegoh/ros2_ws/src/my_cpp_pkg/install/local_setup.zsh'
[5.323s] INFO:colcon.colcon_core.shell:Creating prefix chain script '/home/jegoh/ros2_ws/src/my_cpp_pkg/install/setup.zsh'
