[0.021s] Invoking command in '/home/jegoh/ros2_ws/src/my_cpp_pkg/build/my_cpp_pkg': CMAKE_PREFIX_PATH=${CMAKE_PREFIX_PATH}:/home/jegoh/ros2_ws/install/my_py_pkg:/opt/ros/jazzy /usr/bin/cmake /home/jegoh/ros2_ws/src/my_cpp_pkg -DCMAKE_INSTALL_PREFIX=/home/jegoh/ros2_ws/src/my_cpp_pkg/install/my_cpp_pkg
[0.423s] -- The C compiler identification is GNU 13.2.0
[0.918s] -- The CXX compiler identification is GNU 13.2.0
[1.271s] -- Detecting C compiler ABI info
[1.500s] -- Detecting C compiler ABI info - done
[1.511s] -- Check for working C compiler: /usr/bin/cc - skipped
[1.523s] -- Detecting C compile features
[1.524s] -- Detecting C compile features - done
[1.595s] -- Detecting CXX compiler ABI info
[1.829s] -- Detecting CXX compiler ABI info - done
[1.839s] -- Check for working CXX compiler: /usr/bin/c++ - skipped
[1.839s] -- Detecting CXX compile features
[1.840s] -- Detecting CXX compile features - done
[1.874s] -- Found ament_cmake: 2.5.2 (/opt/ros/jazzy/share/ament_cmake/cmake)
[2.055s] -- Found Python3: /usr/bin/python3 (found version "3.12.3") found components: Interpreter 
[2.257s] -- Found rclcpp: 28.1.5 (/opt/ros/jazzy/share/rclcpp/cmake)
[2.457s] -- Found rosidl_generator_c: 4.6.4 (/opt/ros/jazzy/share/rosidl_generator_c/cmake)
[2.481s] -- Found rosidl_generator_cpp: 4.6.4 (/opt/ros/jazzy/share/rosidl_generator_cpp/cmake)
[2.518s] -- Using all available rosidl_typesupport_c: rosidl_typesupport_fastrtps_c;rosidl_typesupport_introspection_c
[2.554s] -- Using all available rosidl_typesupport_cpp: rosidl_typesupport_fastrtps_cpp;rosidl_typesupport_introspection_cpp
[2.709s] -- Found rmw_implementation_cmake: 7.3.1 (/opt/ros/jazzy/share/rmw_implementation_cmake/cmake)
[2.717s] -- Found rmw_fastrtps_cpp: 8.4.1 (/opt/ros/jazzy/share/rmw_fastrtps_cpp/cmake)
[2.837s] -- Found OpenSSL: /usr/lib/x86_64-linux-gnu/libcrypto.so (found version "3.0.13")  
[2.980s] -- Found FastRTPS: /opt/ros/jazzy/include (Required is at least version "2.13") 
[3.063s] -- Using RMW implementation 'rmw_fastrtps_cpp' as default
[3.417s] -- Configuring done (3.3s)
[3.432s] -- Generating done (0.0s)
[3.434s] -- Build files have been written to: /home/jegoh/ros2_ws/src/my_cpp_pkg/build/my_cpp_pkg
[3.446s] Invoked command in '/home/jegoh/ros2_ws/src/my_cpp_pkg/build/my_cpp_pkg' returned '0': CMAKE_PREFIX_PATH=${CMAKE_PREFIX_PATH}:/home/jegoh/ros2_ws/install/my_py_pkg:/opt/ros/jazzy /usr/bin/cmake /home/jegoh/ros2_ws/src/my_cpp_pkg -DCMAKE_INSTALL_PREFIX=/home/jegoh/ros2_ws/src/my_cpp_pkg/install/my_cpp_pkg
[3.447s] Invoking command in '/home/jegoh/ros2_ws/src/my_cpp_pkg/build/my_cpp_pkg': CMAKE_PREFIX_PATH=${CMAKE_PREFIX_PATH}:/home/jegoh/ros2_ws/install/my_py_pkg:/opt/ros/jazzy /usr/bin/cmake --build /home/jegoh/ros2_ws/src/my_cpp_pkg/build/my_cpp_pkg -- -j16 -l16
[3.505s] [ 50%] [32mBuilding CXX object CMakeFiles/cpp_node.dir/src/my_first_node.cpp.o[0m
[7.176s] [100%] [32m[1mLinking CXX executable cpp_node[0m
[7.364s] [100%] Built target cpp_node
[7.372s] Invoked command in '/home/jegoh/ros2_ws/src/my_cpp_pkg/build/my_cpp_pkg' returned '0': CMAKE_PREFIX_PATH=${CMAKE_PREFIX_PATH}:/home/jegoh/ros2_ws/install/my_py_pkg:/opt/ros/jazzy /usr/bin/cmake --build /home/jegoh/ros2_ws/src/my_cpp_pkg/build/my_cpp_pkg -- -j16 -l16
[7.402s] Invoking command in '/home/jegoh/ros2_ws/src/my_cpp_pkg/build/my_cpp_pkg': CMAKE_PREFIX_PATH=${CMAKE_PREFIX_PATH}:/home/jegoh/ros2_ws/install/my_py_pkg:/opt/ros/jazzy /usr/bin/cmake --install /home/jegoh/ros2_ws/src/my_cpp_pkg/build/my_cpp_pkg
[7.409s] -- Install configuration: ""
[7.410s] -- Installing: /home/jegoh/ros2_ws/src/my_cpp_pkg/install/my_cpp_pkg/lib/my_cpp_pkg/cpp_node
[7.411s] -- Set non-toolchain portion of runtime path of "/home/jegoh/ros2_ws/src/my_cpp_pkg/install/my_cpp_pkg/lib/my_cpp_pkg/cpp_node" to ""
[7.412s] -- Installing: /home/jegoh/ros2_ws/src/my_cpp_pkg/install/my_cpp_pkg/share/ament_index/resource_index/package_run_dependencies/my_cpp_pkg
[7.412s] -- Installing: /home/jegoh/ros2_ws/src/my_cpp_pkg/install/my_cpp_pkg/share/ament_index/resource_index/parent_prefix_path/my_cpp_pkg
[7.413s] -- Installing: /home/jegoh/ros2_ws/src/my_cpp_pkg/install/my_cpp_pkg/share/my_cpp_pkg/environment/ament_prefix_path.sh
[7.413s] -- Installing: /home/jegoh/ros2_ws/src/my_cpp_pkg/install/my_cpp_pkg/share/my_cpp_pkg/environment/ament_prefix_path.dsv
[7.413s] -- Installing: /home/jegoh/ros2_ws/src/my_cpp_pkg/install/my_cpp_pkg/share/my_cpp_pkg/environment/path.sh
[7.413s] -- Installing: /home/jegoh/ros2_ws/src/my_cpp_pkg/install/my_cpp_pkg/share/my_cpp_pkg/environment/path.dsv
[7.414s] -- Installing: /home/jegoh/ros2_ws/src/my_cpp_pkg/install/my_cpp_pkg/share/my_cpp_pkg/local_setup.bash
[7.414s] -- Installing: /home/jegoh/ros2_ws/src/my_cpp_pkg/install/my_cpp_pkg/share/my_cpp_pkg/local_setup.sh
[7.414s] -- Installing: /home/jegoh/ros2_ws/src/my_cpp_pkg/install/my_cpp_pkg/share/my_cpp_pkg/local_setup.zsh
[7.414s] -- Installing: /home/jegoh/ros2_ws/src/my_cpp_pkg/install/my_cpp_pkg/share/my_cpp_pkg/local_setup.dsv
[7.414s] -- Installing: /home/jegoh/ros2_ws/src/my_cpp_pkg/install/my_cpp_pkg/share/my_cpp_pkg/package.dsv
[7.415s] -- Installing: /home/jegoh/ros2_ws/src/my_cpp_pkg/install/my_cpp_pkg/share/ament_index/resource_index/packages/my_cpp_pkg
[7.415s] -- Installing: /home/jegoh/ros2_ws/src/my_cpp_pkg/install/my_cpp_pkg/share/my_cpp_pkg/cmake/my_cpp_pkgConfig.cmake
[7.415s] -- Installing: /home/jegoh/ros2_ws/src/my_cpp_pkg/install/my_cpp_pkg/share/my_cpp_pkg/cmake/my_cpp_pkgConfig-version.cmake
[7.415s] -- Installing: /home/jegoh/ros2_ws/src/my_cpp_pkg/install/my_cpp_pkg/share/my_cpp_pkg/package.xml
[7.417s] Invoked command in '/home/jegoh/ros2_ws/src/my_cpp_pkg/build/my_cpp_pkg' returned '0': CMAKE_PREFIX_PATH=${CMAKE_PREFIX_PATH}:/home/jegoh/ros2_ws/install/my_py_pkg:/opt/ros/jazzy /usr/bin/cmake --install /home/jegoh/ros2_ws/src/my_cpp_pkg/build/my_cpp_pkg
